# saarland — per-polygon projection log

# paint order: index 0 drawn first (bottom of stack), last index drawn last (on top).
# bottom-60% threshold: y >= 136 (top 40 % is sky + horizon).
# horizon line for elevation=-5°: y ≈ 134.

idx  cat       drawn         tag                              area    bbox(sx,sy)            covers-bottom-60%  baseHex
---  --------  ----          -------------------------------  ------  ---------------------  -----------------  -------
  0  farmland  bottom   landuse=grass                    177380525  [-1419692,  135→ -1182,  843]  YES                #8aa55a
  1  forest             landuse=forest                   169302309  [-680434,  134→   -54,  843]  YES                #3a5538
  2  farmland           landuse=farmland                 153336863  [-20455,  135→412451,  843]  YES                #c5b078
  3  urban              landuse=residential              117168929  [  2468,  135→1547639,  843]  YES                #b0a89a
  4  forest             landuse=forest                   79051157  [  1323,  135→760455,  843]  YES                #3a5538
  5  farmland           landuse=farmland                 78122111  [  1598,  135→1048505,  843]  YES                #c5b078
  6  farmland           landuse=grass                    59306062  [  7838,  138→1304069,  843]  YES                #8aa55a
  7  farmland           landuse=farmland                 51389559  [-825558,  138→ -3954,  843]  YES                #c5b078
  8  farmland           landuse=farmland                 32894822  [  1398,  144→147068,  843]  YES                #c5b078
  9  farmland           landuse=farmland                 31941384  [-919891,  139→ -6166,  843]  YES                #c5b078
 10  farmland           landuse=meadow                   24600494  [-203442,  134→   469,  843]  YES                #9ab050
 11  forest             landuse=forest                   22137453  [-140725,  136→  -149,  843]  YES                #3a5538
 12  farmland           landuse=farmland                 20554838  [   911,  135→506691,  843]  YES                #c5b078
 13  farmland           landuse=farmland                 18201382  [-78441,  143→  -356,  843]  YES                #c5b078
 14  urban              landuse=residential              12827078  [   235,  134→448540,  843]  YES                #b0a89a
 15  farmland           landuse=grass                    11081844  [  6530,  143→540979,  843]  YES                #8aa55a
 16  forest             natural=wood                     9666338  [-1041122,  150→-22842,  843]  YES                #3a5538
 17  farmland           landuse=meadow                    14606  [  3386,  136→ 41686,  161]  YES                #9ab050
 18  farmland           landuse=farmland                   9508  [  -343,  136→   546,  172]  YES                #c5b078
 19  farmland           landuse=meadow                     3439  [-20332,  137→ -2847,  151]  YES                #9ab050
 20  forest             landuse=forest                     2125  [   689,  134→ 18744,  139]  YES                #3a5538
 21  farmland           landuse=meadow                     1344  [-11860,  134→  -879,  139]  YES                #9ab050
 22  farmland           landuse=meadow                     1238  [  1255,  134→  9390,  138]  YES                #9ab050
 23  farmland           landuse=meadow                      987  [  1528,  134→  8258,  139]  YES                #9ab050
 24  urban              landuse=residential                 695  [ -4716,  134→  -154,  136]  YES                #b0a89a
 25  farmland           landuse=farmland                    670  [ -4261,  135→ -1180,  138]  YES                #c5b078
 26  farmland           landuse=grass                       582  [  1903,  136→  5064,  142]  YES                #8aa55a
 27  farmland           landuse=meadow                      538  [  1720,  135→  4970,  138]  YES                #9ab050
 28  farmland           landuse=meadow                      463  [   -75,  134→  1368,  135]  no                 #9ab050
 29  forest             natural=wood                        172  [ -4351,  136→ -2220,  138]  YES                #3a5538
 30  farmland           landuse=grass                       162  [  1360,  135→  7024,  138]  YES                #8aa55a
 31  farmland           landuse=grass                       156  [   816,  135→  1842,  137]  YES                #8aa55a
 32  farmland           landuse=meadow                      134  [ -2310,  135→ -1174,  136]  no                 #9ab050
 33  farmland           leisure=pitch                       105  [  4025,  136→  5720,  137]  YES                #7aa550
 34  urban              landuse=commercial                  103  [  1227,  135→  2139,  136]  no                 #a8a098
 35  farmland           landuse=grass                        99  [  2569,  135→  3421,  136]  YES                #8aa55a
 36  farmland           landuse=farmland                     95  [   232,  135→   447,  137]  YES                #c5b078
 37  farmland           landuse=farmland                     92  [   925,  134→  1676,  135]  no                 #c5b078
 38  farmland           landuse=grass                        87  [   939,  135→  2592,  136]  YES                #8aa55a
 39  farmland           landuse=farmland                     82  [  2324,  136→  3484,  137]  YES                #c5b078
 40  forest             landuse=forest                       81  [ -2433,  134→  -573,  135]  no                 #3a5538
 41  farmland           landuse=meadow                       77  [   429,  135→   900,  135]  no                 #9ab050
 42  farmland           landuse=farmland                     72  [   931,  134→  1748,  135]  no                 #c5b078
 43  farmland           landuse=meadow                       46  [  -687,  134→   -69,  134]  no                 #9ab050
 44  farmland           landuse=meadow                       44  [  3398,  136→  5603,  137]  YES                #9ab050
 45  forest             natural=wood                         40  [   791,  134→  1573,  135]  no                 #3a5538
 46  farmland           landuse=farmland                     39  [  1368,  134→  2210,  135]  no                 #c5b078
 47  farmland           landuse=meadow                       36  [  -652,  134→  -104,  134]  no                 #9ab050
 48  farmland           landuse=grass                        32  [  -409,  134→   -23,  134]  no                 #8aa55a
 49  farmland           landuse=farmland                     25  [  1176,  134→  2008,  135]  no                 #c5b078
 50  farmland           landuse=meadow                       19  [ -1178,  134→  -593,  134]  no                 #9ab050
 51  farmland           landuse=farmland                     19  [   -50,  134→   147,  134]  no                 #c5b078
 52  forest             natural=wood                         17  [    67,  134→   203,  135]  no                 #3a5538
 53  farmland           landuse=meadow                       17  [   698,  134→  1180,  134]  no                 #9ab050
 54  farmland           landuse=farmland                     16  [   587,  134→  1240,  134]  no                 #c5b078
 55  farmland           leisure=pitch                        15  [   914,  135→  1102,  135]  no                 #7aa550
 56  farmland           landuse=meadow                       14  [  1328,  134→  1713,  135]  no                 #9ab050
 57  water              natural=water                        11  [  1844,  135→  2248,  136]  no                 #3b6ea5
 58  urban              landuse=residential                  11  [  -123,  134→    52,  134]  no                 #b0a89a
 59  farmland           landuse=meadow                       11  [  -804,  134→  -501,  134]  no                 #9ab050
 60  farmland           leisure=pitch                        11  [ -1361,  135→ -1129,  135]  no                 #7aa550
 61  urban              landuse=residential                  10  [   327,  134→   624,  134]  no                 #b0a89a
 62  farmland           landuse=farmland                     10  [   299,  134→   613,  134]  no                 #c5b078
 63  forest             landuse=forest                        9  [   670,  134→   834,  134]  no                 #3a5538
 64  urban              landuse=residential                   7  [  -207,  134→    68,  134]  no                 #b0a89a
 65  farmland           landuse=grass                         7  [  -581,  134→  -340,  134]  no                 #8aa55a
 66  forest             landuse=forest                        7  [   547,  134→   933,  134]  no                 #3a5538
 67  farmland           landuse=grass                         6  [   997,  134→  1281,  134]  no                 #8aa55a
 68  farmland           landuse=meadow                        6  [ -1444,  135→ -1130,  135]  no                 #9ab050
 69  urban              landuse=cemetery                      6  [   949,  134→  1050,  135]  no                 #6a7050
 70  farmland           landuse=farmland                      6  [   108,  134→   192,  134]  no                 #c5b078
 71  farmland           landuse=grass                         5  [   547,  134→   795,  134]  no                 #8aa55a
 72  forest             natural=wood                          5  [   522,  134→   635,  135]  no                 #3a5538
 73  farmland           landuse=farmland                      5  [   108,  134→   194,  134]  no                 #c5b078
 74  farmland           landuse=farmland                      5  [   859,  134→   996,  134]  no                 #c5b078
 75  farmland           landuse=meadow                        5  [    68,  134→   157,  134]  no                 #9ab050
 76  farmland           landuse=grass                         5  [   -36,  134→   421,  135]  no                 #8aa55a
 77  urban              landuse=residential                   5  [    43,  134→   196,  134]  no                 #b0a89a
 78  urban              landuse=cemetery                      5  [ -1244,  134→  -953,  134]  no                 #6a7050
 79  farmland           landuse=meadow                        4  [     3,  134→   126,  134]  no                 #9ab050
 80  farmland           landuse=farmland                      4  [   661,  134→   815,  134]  no                 #c5b078
 81  water              natural=water                         4  [  2586,  136→  2781,  136]  YES                #3b6ea5
 82  farmland           landuse=meadow                        4  [   238,  134→   369,  134]  no                 #9ab050
 83  forest             landuse=forest                        4  [  -555,  134→  -436,  134]  no                 #3a5538
 84  forest             natural=wood                          4  [   640,  135→   708,  135]  no                 #3a5538
 85  forest             landuse=forest                        4  [   167,  134→   386,  134]  no                 #3a5538
 86  forest             natural=wood                          4  [  1432,  134→  1709,  134]  no                 #3a5538
 87  farmland           landuse=meadow                        4  [   373,  134→   497,  134]  no                 #9ab050
 88  farmland           landuse=grass                         4  [  1196,  134→  1404,  134]  no                 #8aa55a
 89  water              natural=water                         3  [  2389,  136→  2574,  136]  no                 #3b6ea5
 90  farmland           landuse=farmland                      3  [  1007,  135→  1130,  135]  no                 #c5b078
 91  farmland           landuse=farmland                      3  [   621,  134→   759,  134]  no                 #c5b078
 92  farmland           landuse=grass                         3  [   510,  134→   772,  134]  no                 #8aa55a
 93  farmland           landuse=farmland                      3  [  -901,  134→  -808,  135]  no                 #c5b078
 94  farmland           leisure=garden                        3  [ -1438,  135→ -1308,  135]  no                 #8aa55a
 95  farmland           landuse=farmland                      3  [   201,  134→   264,  134]  no                 #c5b078
 96  urban              landuse=residential                   2  [   758,  134→   892,  134]  no                 #b0a89a
 97  forest             landuse=forest                        2  [  -153,  134→    20,  134]  no                 #3a5538
 98  farmland           landuse=meadow                        2  [   -72,  134→    34,  134]  no                 #9ab050
 99  forest             natural=wood                          2  [   537,  134→   628,  134]  no                 #3a5538
100  farmland           landuse=farmland                      2  [   486,  134→   543,  134]  no                 #c5b078
101  urban              landuse=industrial                    2  [  -144,  134→   -59,  134]  no                 #909088
102  forest             landuse=forest                        2  [  -527,  134→  -375,  134]  no                 #3a5538
103  farmland           landuse=meadow                        2  [   531,  134→   622,  134]  no                 #9ab050
104  farmland           landuse=meadow                        2  [   -88,  134→   -15,  134]  no                 #9ab050
105  forest             natural=wood                          2  [   586,  134→   702,  134]  no                 #3a5538
106  forest             natural=wood                          2  [   614,  134→   675,  134]  no                 #3a5538
107  forest             landuse=forest                        2  [   134,  134→   225,  134]  no                 #3a5538
108  farmland           landuse=farmland                      1  [  -670,  134→  -543,  134]  no                 #c5b078
109  farmland           landuse=farmland                      1  [  -291,  134→  -142,  134]  no                 #c5b078
110  farmland           landuse=grass                         1  [  -690,  134→  -496,  134]  no                 #8aa55a
111  farmland           landuse=meadow                        1  [  -123,  134→   -31,  134]  no                 #9ab050
112  farmland           landuse=meadow                        1  [  -234,  134→  -142,  134]  no                 #9ab050
113  water              natural=water                         1  [   375,  135→   407,  135]  no                 #3b6ea5
114  farmland           landuse=meadow                        1  [  -427,  134→  -318,  134]  no                 #9ab050
115  forest             landuse=forest                        1  [  -507,  134→  -416,  134]  no                 #3a5538
116  farmland           landuse=farmland                      1  [   170,  134→   213,  134]  no                 #c5b078
117  forest             landuse=forest                        1  [   638,  134→   684,  134]  no                 #3a5538
118  farmland           landuse=meadow                        1  [   -74,  134→   -15,  134]  no                 #9ab050
119  farmland           landuse=grass                         1  [  1272,  134→  1339,  134]  no                 #8aa55a
120  urban              landuse=industrial                    1  [  -112,  134→   -67,  134]  no                 #909088
121  farmland           landuse=meadow                        1  [   468,  134→   534,  134]  no                 #9ab050
122  forest             landuse=forest                        1  [  -614,  134→  -511,  134]  no                 #3a5538
123  farmland           landuse=farmland                      1  [  -232,  134→  -145,  134]  no                 #c5b078
124  forest             landuse=forest                        1  [  -187,  134→  -103,  134]  no                 #3a5538
125  farmland           leisure=pitch                         1  [ -1338,  135→ -1279,  135]  no                 #7aa550
126  farmland           landuse=farmland                      1  [   469,  134→   523,  134]  no                 #c5b078
127  farmland           leisure=pitch                         1  [ -1286,  135→ -1229,  135]  no                 #7aa550
128  farmland           landuse=grass                         1  [   583,  134→   619,  134]  no                 #8aa55a
129  farmland           landuse=meadow                        1  [   157,  134→   223,  134]  no                 #9ab050
130  farmland           leisure=pitch                         1  [ -1247,  135→ -1193,  135]  no                 #7aa550
131  forest             landuse=forest                        0  [  -250,  134→  -119,  134]  no                 #3a5538
132  farmland           leisure=pitch                         0  [ -1267,  135→ -1186,  135]  no                 #7aa550
133  forest             landuse=forest                        0  [   119,  134→   192,  134]  no                 #3a5538
134  farmland           landuse=grass                         0  [  1068,  134→  1147,  134]  no                 #8aa55a
135  farmland           leisure=pitch                         0  [   -94,  134→   -58,  134]  no                 #7aa550
136  water              natural=water                         0  [  1013,  134→  1051,  135]  no                 #3b6ea5
137  farmland           landuse=farmland                      0  [   709,  134→   799,  134]  no                 #c5b078
138  forest             natural=wood                          0  [   504,  134→   528,  134]  no                 #3a5538
139  farmland           landuse=grass                         0  [  -500,  134→  -451,  134]  no                 #8aa55a
140  farmland           landuse=grass                         0  [    62,  134→   102,  134]  no                 #8aa55a
141  farmland           landuse=meadow                        0  [   209,  134→   253,  134]  no                 #9ab050
142  farmland           landuse=grass                         0  [   467,  134→   520,  134]  no                 #8aa55a
143  forest             landuse=forest                        0  [   197,  134→   217,  134]  no                 #3a5538
144  water              landuse=reservoir,natural=wate        0  [  -362,  134→  -337,  134]  no                 #3b6ea5
145  forest             natural=wood                          0  [   929,  134→   999,  134]  no                 #3a5538
146  water              natural=water                         0  [   305,  134→   319,  134]  no                 #3b6ea5
147  farmland           landuse=farmland                      0  [  -197,  134→  -158,  134]  no                 #c5b078
148  farmland           landuse=farmland                      0  [  -510,  134→  -482,  134]  no                 #c5b078
149  farmland           landuse=farmland                      0  [   453,  134→   476,  134]  no                 #c5b078
150  farmland           landuse=farmland                      0  [   306,  134→   330,  134]  no                 #c5b078
151  forest             natural=wood                          0  [   960,  134→  1012,  134]  no                 #3a5538
152  farmland           landuse=grass                         0  [  -124,  134→  -100,  134]  no                 #8aa55a
153  farmland           landuse=farmland                      0  [   130,  134→   149,  134]  no                 #c5b078
154  farmland           landuse=meadow                        0  [    98,  134→   129,  134]  no                 #9ab050
155  forest             landuse=forest                        0  [   141,  134→   178,  134]  no                 #3a5538
156  water              natural=water                         0  [    31,  134→    43,  134]  no                 #3b6ea5
157  water              natural=water                         0  [   -16,  134→    -2,  134]  no                 #3b6ea5
158  farmland           landuse=grass                         0  [  -166,  134→  -101,  134]  no                 #8aa55a
159  farmland           leisure=garden                        0  [  -139,  134→  -123,  134]  no                 #8aa55a
160  farmland           leisure=pitch                         0  [   443,  134→   450,  134]  no                 #7aa550
161  farmland           leisure=pitch                         0  [   472,  134→   486,  134]  no                 #7aa550
162  water              natural=water                         0  [    89,  134→   102,  134]  no                 #3b6ea5
163  farmland           landuse=grass                         0  [   768,  134→   807,  134]  no                 #8aa55a
164  water              natural=water                         0  [    36,  134→    48,  134]  no                 #3b6ea5
165  forest             natural=wood                          0  [   530,  134→   538,  134]  no                 #3a5538
166  water              natural=water                         0  [  -647,  134→  -619,  134]  no                 #3b6ea5
167  farmland           landuse=farmland                      0  [   478,  134→   490,  134]  no                 #c5b078
168  water              natural=water                         0  [  -439,  134→  -416,  134]  no                 #3b6ea5
169  farmland           landuse=meadow                        0  [   476,  134→   498,  134]  no                 #9ab050
170  water              natural=water                         0  [  -593,  134→  -574,  134]  no                 #3b6ea5
171  urban              landuse=cemetery                      0  [    75,  134→    90,  134]  no                 #6a7050
172  urban              landuse=cemetery                      0  [    35,  134→    49,  134]  no                 #6a7050
173  farmland           landuse=farmland                      0  [   406,  134→   426,  134]  no                 #c5b078
174  water              natural=water                         0  [  -461,  134→  -442,  134]  no                 #3b6ea5
175  farmland           landuse=grass                         0  [   185,  134→   208,  134]  no                 #8aa55a
176  farmland           landuse=grass                         0  [  -102,  134→   -89,  134]  no                 #8aa55a
177  water              natural=water                         0  [  -582,  134→  -564,  134]  no                 #3b6ea5
178  farmland           landuse=grass                         0  [    71,  134→    91,  134]  no                 #8aa55a
179  water              natural=water                         0  [   409,  134→   416,  134]  no                 #3b6ea5
180  water              natural=water                         0  [   -19,  134→   -13,  134]  no                 #3b6ea5
181  urban              landuse=cemetery                      0  [   147,  134→   153,  134]  no                 #6a7050
182  water              natural=water                         0  [    18,  134→    24,  134]  no                 #3b6ea5
183  water              natural=water                         0  [    -8,  134→    -2,  134]  no                 #3b6ea5
184  water              natural=water                         0  [   570,  134→   573,  134]  no                 #3b6ea5
185  water     top      natural=water                         0  [   -32,  134→   -32,  134]  no                 #3b6ea5
